1711818478.297282 client started (1060): version 3.0a, socket /tmp/tmux-1000/default, protocol 8
1711818478.297299 on Linux 5.4.72-microsoft-standard-WSL2 #1 SMP Wed Oct 28 23:40:43 UTC 2020; libevent 2.1.11-stable (poll)
1711818478.297307 socket is /tmp/tmux-1000/default
1711818478.297313 trying connect
1711818478.297367 add peer 0x55ad1f82f0c0: 6 ((nil))
1711818478.297403 sending message 100 to peer 0x55ad1f82f0c0 (4 bytes)
1711818478.297408 sending message 101 to peer 0x55ad1f82f0c0 (7 bytes)
1711818478.297410 sending message 102 to peer 0x55ad1f82f0c0 (11 bytes)
1711818478.297412 sending message 108 to peer 0x55ad1f82f0c0 (25 bytes)
1711818478.297414 sending message 104 to peer 0x55ad1f82f0c0 (0 bytes)
1711818478.297416 sending message 107 to peer 0x55ad1f82f0c0 (4 bytes)
1711818478.297417 sending message 105 to peer 0x55ad1f82f0c0 (22 bytes)
1711818478.297419 sending message 105 to peer 0x55ad1f82f0c0 (21 bytes)
1711818478.297421 sending message 105 to peer 0x55ad1f82f0c0 (17 bytes)
1711818478.297422 sending message 105 to peer 0x55ad1f82f0c0 (16 bytes)
1711818478.297424 sending message 105 to peer 0x55ad1f82f0c0 (13 bytes)
1711818478.297426 sending message 105 to peer 0x55ad1f82f0c0 (8 bytes)
1711818478.297427 sending message 105 to peer 0x55ad1f82f0c0 (14 bytes)
1711818478.297429 sending message 105 to peer 0x55ad1f82f0c0 (32 bytes)
1711818478.297431 sending message 105 to peer 0x55ad1f82f0c0 (1506 bytes)
1711818478.297436 sending message 105 to peer 0x55ad1f82f0c0 (21 bytes)
1711818478.297438 sending message 105 to peer 0x55ad1f82f0c0 (52 bytes)
1711818478.297439 sending message 105 to peer 0x55ad1f82f0c0 (16 bytes)
1711818478.297441 sending message 105 to peer 0x55ad1f82f0c0 (25 bytes)
1711818478.297442 sending message 105 to peer 0x55ad1f82f0c0 (61 bytes)
1711818478.297444 sending message 105 to peer 0x55ad1f82f0c0 (32 bytes)
1711818478.297445 sending message 105 to peer 0x55ad1f82f0c0 (11 bytes)
1711818478.297447 sending message 105 to peer 0x55ad1f82f0c0 (1549 bytes)
1711818478.297449 sending message 105 to peer 0x55ad1f82f0c0 (29 bytes)
1711818478.297451 sending message 105 to peer 0x55ad1f82f0c0 (19 bytes)
1711818478.297452 sending message 105 to peer 0x55ad1f82f0c0 (8 bytes)
1711818478.297454 sending message 105 to peer 0x55ad1f82f0c0 (12 bytes)
1711818478.297456 sending message 105 to peer 0x55ad1f82f0c0 (34 bytes)
1711818478.297457 sending message 105 to peer 0x55ad1f82f0c0 (13 bytes)
1711818478.297459 sending message 105 to peer 0x55ad1f82f0c0 (11 bytes)
1711818478.297460 sending message 105 to peer 0x55ad1f82f0c0 (8 bytes)
1711818478.297462 sending message 105 to peer 0x55ad1f82f0c0 (29 bytes)
1711818478.297463 sending message 105 to peer 0x55ad1f82f0c0 (31 bytes)
1711818478.297465 sending message 105 to peer 0x55ad1f82f0c0 (27 bytes)
1711818478.297466 sending message 105 to peer 0x55ad1f82f0c0 (16 bytes)
1711818478.297468 sending message 106 to peer 0x55ad1f82f0c0 (0 bytes)
1711818478.297469 sending message 200 to peer 0x55ad1f82f0c0 (4 bytes)
1711818478.297471 client loop enter
1711818478.297659 peer 0x55ad1f82f0c0 message 211
1711818478.297664 client_write: sessions should be nested with care, unset $TMUX to force\n
1711818478.297687 peer 0x55ad1f82f0c0 message 203
1711818478.297692 client loop exit
